<?xml version="1.0" encoding="UTF-8"?>
<!-- Generated by org.testng.reporters.JUnitReportReporter -->
<testsuite skipped="0" hostname="DESKTOP-CMUGO2P" name="Test_Get" tests="1" failures="0" timestamp="2021-03-09T10:56:59 CST" time="2.522" errors="0">
  <testcase name="test_1" time="2.522" classname="Test_Get"/>
  <system-out/>
</testsuite> <!-- Test_Get -->
