<?xml version="1.0" encoding="UTF-8"?>
<!-- Generated by org.testng.reporters.JUnitReportReporter -->
<testsuite skipped="0" hostname="DESKTOP-CMUGO2P" name="Test_Post" tests="5" failures="0" timestamp="2021-03-09T22:12:54 CST" time="6.692" errors="0">
  <testcase name="Test_get" time="1.240" classname="Test_Post"/>
  <system-out/>
  <testcase name="Test_delete" time="3.379" classname="Test_Post"/>
  <system-out/>
  <testcase name="Test_path" time="0.689" classname="Test_Post"/>
  <system-out/>
  <testcase name="Test_put" time="0.671" classname="Test_Post"/>
  <system-out/>
  <testcase name="Test_post" time="0.713" classname="Test_Post"/>
  <system-out/>
</testsuite> <!-- Test_Post -->
